2014/03/27 04:45:28 [error] [exception.CDbException] exception 'CDbException' with message 'CDbConnection failed to open the DB connection: SQLSTATE[HY000] [1049] Unknown database 'yii1'' in E:\xampp\htdocs\yiiclass\yii\framework\db\CDbConnection.php:382
Stack trace:
#0 E:\xampp\htdocs\yiiclass\yii\framework\db\CDbConnection.php(330): CDbConnection->open()
#1 E:\xampp\htdocs\yiiclass\yii\framework\db\CDbConnection.php(308): CDbConnection->setActive(true)
#2 E:\xampp\htdocs\yiiclass\yii\framework\base\CModule.php(387): CDbConnection->init()
#3 E:\xampp\htdocs\yiiclass\yii\framework\base\CModule.php(103): CModule->getComponent('db')
#4 E:\xampp\htdocs\yiiclass\yii\framework\gii\generators\model\ModelCode.php(60): CModule->__get('db')
#5 E:\xampp\htdocs\yiiclass\yii\framework\web\CFormModel.php(39): ModelCode->init()
#6 E:\xampp\htdocs\yiiclass\yii\framework\gii\CCodeGenerator.php(153): CFormModel->__construct()
#7 E:\xampp\htdocs\yiiclass\yii\framework\gii\CCodeGenerator.php(63): CCodeGenerator->prepare()
#8 E:\xampp\htdocs\yiiclass\yii\framework\web\actions\CInlineAction.php(49): CCodeGenerator->actionIndex()
#9 E:\xampp\htdocs\yiiclass\yii\framework\web\CController.php(308): CInlineAction->runWithParams(Array)
#10 E:\xampp\htdocs\yiiclass\yii\framework\web\CController.php(286): CController->runAction(Object(CInlineAction))
#11 E:\xampp\htdocs\yiiclass\yii\framework\web\CController.php(265): CController->runActionWithFilters(Object(CInlineAction), Array)
#12 E:\xampp\htdocs\yiiclass\yii\framework\web\CWebApplication.php(282): CController->run('index')
#13 E:\xampp\htdocs\yiiclass\yii\framework\web\CWebApplication.php(141): CWebApplication->runController('gii/model/index')
#14 E:\xampp\htdocs\yiiclass\yii\framework\base\CApplication.php(180): CWebApplication->processRequest()
#15 E:\xampp\htdocs\yiiclass\index.php(13): CApplication->run()
#16 {main}
REQUEST_URI=/yiiclass/index.php?r=gii/model/index
HTTP_REFERER=http://localhost/yiiclass/?r=gii
---
2014/03/27 04:54:02 [error] [system.db.CDbCommand] CDbCommand::execute() failed: SQLSTATE[23000]: Integrity constraint violation: 1062 Duplicate entry 'CConsoleApplication' for key 'name'. The SQL statement executed was: INSERT INTO `yii_class` (`name`) VALUES (:yp0).
in E:\xampp\htdocs\yiiclass\protected\controllers\YiiClassController.php (73)
in E:\xampp\htdocs\yiiclass\index.php (13)
2014/03/27 04:54:02 [error] [exception.CDbException] exception 'CDbException' with message 'CDbCommand failed to execute the SQL statement: SQLSTATE[23000]: Integrity constraint violation: 1062 Duplicate entry 'CConsoleApplication' for key 'name'. The SQL statement executed was: INSERT INTO `yii_class` (`name`) VALUES (:yp0)' in E:\xampp\htdocs\yiiclass\yii\framework\db\CDbCommand.php:358
Stack trace:
#0 E:\xampp\htdocs\yiiclass\yii\framework\db\ar\CActiveRecord.php(1077): CDbCommand->execute()
#1 E:\xampp\htdocs\yiiclass\yii\framework\db\ar\CActiveRecord.php(806): CActiveRecord->insert(NULL)
#2 E:\xampp\htdocs\yiiclass\protected\controllers\YiiClassController.php(73): CActiveRecord->save()
#3 E:\xampp\htdocs\yiiclass\yii\framework\web\actions\CInlineAction.php(49): YiiClassController->actionCreate()
#4 E:\xampp\htdocs\yiiclass\yii\framework\web\CController.php(308): CInlineAction->runWithParams(Array)
#5 E:\xampp\htdocs\yiiclass\yii\framework\web\filters\CFilterChain.php(133): CController->runAction(Object(CInlineAction))
#6 E:\xampp\htdocs\yiiclass\yii\framework\web\filters\CFilter.php(40): CFilterChain->run()
#7 E:\xampp\htdocs\yiiclass\yii\framework\web\CController.php(1145): CFilter->filter(Object(CFilterChain))
#8 E:\xampp\htdocs\yiiclass\yii\framework\web\filters\CInlineFilter.php(58): CController->filterAccessControl(Object(CFilterChain))
#9 E:\xampp\htdocs\yiiclass\yii\framework\web\filters\CFilterChain.php(130): CInlineFilter->filter(Object(CFilterChain))
#10 E:\xampp\htdocs\yiiclass\yii\framework\web\CController.php(291): CFilterChain->run()
#11 E:\xampp\htdocs\yiiclass\yii\framework\web\CController.php(265): CController->runActionWithFilters(Object(CInlineAction), Array)
#12 E:\xampp\htdocs\yiiclass\yii\framework\web\CWebApplication.php(282): CController->run('create')
#13 E:\xampp\htdocs\yiiclass\yii\framework\web\CWebApplication.php(141): CWebApplication->runController('yiiclass/create')
#14 E:\xampp\htdocs\yiiclass\yii\framework\base\CApplication.php(180): CWebApplication->processRequest()
#15 E:\xampp\htdocs\yiiclass\index.php(13): CApplication->run()
#16 {main}
REQUEST_URI=/yiiclass/index.php?r=yiiclass/create
HTTP_REFERER=http://localhost/yiiclass/index.php?r=yiiclass/create
---
2014/03/27 10:31:30 [error] [php] Array to string conversion (E:\xampp\htdocs\yiiclass\protected\controllers\SiteController.php:113)
Stack trace:
#0 E:\xampp\htdocs\yiiclass\yii\framework\web\CController.php(286): SiteController->runAction()
#1 E:\xampp\htdocs\yiiclass\yii\framework\web\CController.php(265): SiteController->runActionWithFilters()
#2 E:\xampp\htdocs\yiiclass\yii\framework\web\CWebApplication.php(282): SiteController->run()
#3 E:\xampp\htdocs\yiiclass\yii\framework\web\CWebApplication.php(141): CWebApplication->runController()
#4 E:\xampp\htdocs\yiiclass\yii\framework\base\CApplication.php(180): CWebApplication->processRequest()
#5 E:\xampp\htdocs\yiiclass\index.php(13): CWebApplication->run()
REQUEST_URI=/yiiclass/?r=site/test
in E:\xampp\htdocs\yiiclass\protected\controllers\SiteController.php (113)
in E:\xampp\htdocs\yiiclass\index.php (13)
2014/03/27 11:00:05 [error] [php] include(PHPUNIT_Framework_TestCase.php): failed to open stream: No such file or directory (E:\xampp\htdocs\yiiclass\yii\framework\YiiBase.php:427)
Stack trace:
#0 unknown(0): spl_autoload_call()
#1 E:\xampp\htdocs\yiiclass\protected\controllers\SiteController.php(361): ReflectionClass->__construct()
#2 E:\xampp\htdocs\yiiclass\yii\framework\web\actions\CInlineAction.php(49): SiteController->actionTest()
#3 E:\xampp\htdocs\yiiclass\yii\framework\web\CController.php(308): CInlineAction->runWithParams()
#4 E:\xampp\htdocs\yiiclass\yii\framework\web\CController.php(286): SiteController->runAction()
#5 E:\xampp\htdocs\yiiclass\yii\framework\web\CController.php(265): SiteController->runActionWithFilters()
#6 E:\xampp\htdocs\yiiclass\yii\framework\web\CWebApplication.php(282): SiteController->run()
#7 E:\xampp\htdocs\yiiclass\yii\framework\web\CWebApplication.php(141): CWebApplication->runController()
#8 E:\xampp\htdocs\yiiclass\yii\framework\base\CApplication.php(180): CWebApplication->processRequest()
#9 E:\xampp\htdocs\yiiclass\index.php(13): CWebApplication->run()
REQUEST_URI=/yiiclass/?r=site/test
in E:\xampp\htdocs\yiiclass\protected\controllers\SiteController.php (361)
in E:\xampp\htdocs\yiiclass\index.php (13)
2014/03/27 11:00:44 [error] [php] include(CDbTestCase.php): failed to open stream: No such file or directory (E:\xampp\htdocs\yiiclass\yii\framework\YiiBase.php:427)
Stack trace:
#0 unknown(0): spl_autoload_call()
#1 E:\xampp\htdocs\yiiclass\protected\controllers\SiteController.php(361): ReflectionClass->__construct()
#2 E:\xampp\htdocs\yiiclass\yii\framework\web\actions\CInlineAction.php(49): SiteController->actionTest()
#3 E:\xampp\htdocs\yiiclass\yii\framework\web\CController.php(308): CInlineAction->runWithParams()
#4 E:\xampp\htdocs\yiiclass\yii\framework\web\CController.php(286): SiteController->runAction()
#5 E:\xampp\htdocs\yiiclass\yii\framework\web\CController.php(265): SiteController->runActionWithFilters()
#6 E:\xampp\htdocs\yiiclass\yii\framework\web\CWebApplication.php(282): SiteController->run()
#7 E:\xampp\htdocs\yiiclass\yii\framework\web\CWebApplication.php(141): CWebApplication->runController()
#8 E:\xampp\htdocs\yiiclass\yii\framework\base\CApplication.php(180): CWebApplication->processRequest()
#9 E:\xampp\htdocs\yiiclass\index.php(13): CWebApplication->run()
REQUEST_URI=/yiiclass/?r=site/test
in E:\xampp\htdocs\yiiclass\protected\controllers\SiteController.php (361)
in E:\xampp\htdocs\yiiclass\index.php (13)
2014/03/27 11:02:12 [error] [php] require_once(PHPUnit/Runner/Version.php): failed to open stream: No such file or directory (E:\xampp\htdocs\yiiclass\yii\framework\test\CTestCase.php:11)
Stack trace:
#0 unknown(0): autoload()
#1 E:\xampp\htdocs\yiiclass\yii\framework\test\CDbTestCase.php(40): spl_autoload_call()
#2 E:\xampp\htdocs\yiiclass\yii\framework\YiiBase.php(427): include()
#3 unknown(0): autoload()
#4 unknown(0): spl_autoload_call()
#5 E:\xampp\htdocs\yiiclass\protected\controllers\SiteController.php(361): ReflectionClass->__construct()
#6 E:\xampp\htdocs\yiiclass\yii\framework\web\actions\CInlineAction.php(49): SiteController->actionTest()
#7 E:\xampp\htdocs\yiiclass\yii\framework\web\CController.php(308): CInlineAction->runWithParams()
#8 E:\xampp\htdocs\yiiclass\yii\framework\web\CController.php(286): SiteController->runAction()
#9 E:\xampp\htdocs\yiiclass\yii\framework\web\CController.php(265): SiteController->runActionWithFilters()
#10 E:\xampp\htdocs\yiiclass\yii\framework\web\CWebApplication.php(282): SiteController->run()
#11 E:\xampp\htdocs\yiiclass\yii\framework\web\CWebApplication.php(141): CWebApplication->runController()
#12 E:\xampp\htdocs\yiiclass\yii\framework\base\CApplication.php(180): CWebApplication->processRequest()
#13 E:\xampp\htdocs\yiiclass\index.php(13): CWebApplication->run()
REQUEST_URI=/yiiclass/?r=site/test
in E:\xampp\htdocs\yiiclass\protected\controllers\SiteController.php (361)
in E:\xampp\htdocs\yiiclass\index.php (13)
2014/03/27 11:03:01 [error] [php] include(CfileCacheDependency.php): failed to open stream: No such file or directory (E:\xampp\htdocs\yiiclass\yii\framework\YiiBase.php:427)
Stack trace:
#0 unknown(0): spl_autoload_call()
#1 E:\xampp\htdocs\yiiclass\protected\controllers\SiteController.php(361): ReflectionClass->__construct()
#2 E:\xampp\htdocs\yiiclass\yii\framework\web\actions\CInlineAction.php(49): SiteController->actionTest()
#3 E:\xampp\htdocs\yiiclass\yii\framework\web\CController.php(308): CInlineAction->runWithParams()
#4 E:\xampp\htdocs\yiiclass\yii\framework\web\CController.php(286): SiteController->runAction()
#5 E:\xampp\htdocs\yiiclass\yii\framework\web\CController.php(265): SiteController->runActionWithFilters()
#6 E:\xampp\htdocs\yiiclass\yii\framework\web\CWebApplication.php(282): SiteController->run()
#7 E:\xampp\htdocs\yiiclass\yii\framework\web\CWebApplication.php(141): CWebApplication->runController()
#8 E:\xampp\htdocs\yiiclass\yii\framework\base\CApplication.php(180): CWebApplication->processRequest()
#9 E:\xampp\htdocs\yiiclass\index.php(13): CWebApplication->run()
REQUEST_URI=/yiiclass/?r=site/test
in E:\xampp\htdocs\yiiclass\protected\controllers\SiteController.php (361)
in E:\xampp\htdocs\yiiclass\index.php (13)
2014/03/27 11:04:34 [error] [php] include(CZendDateaCache.php): failed to open stream: No such file or directory (E:\xampp\htdocs\yiiclass\yii\framework\YiiBase.php:427)
Stack trace:
#0 unknown(0): spl_autoload_call()
#1 E:\xampp\htdocs\yiiclass\protected\controllers\SiteController.php(361): ReflectionClass->__construct()
#2 E:\xampp\htdocs\yiiclass\yii\framework\web\actions\CInlineAction.php(49): SiteController->actionTest()
#3 E:\xampp\htdocs\yiiclass\yii\framework\web\CController.php(308): CInlineAction->runWithParams()
#4 E:\xampp\htdocs\yiiclass\yii\framework\web\CController.php(286): SiteController->runAction()
#5 E:\xampp\htdocs\yiiclass\yii\framework\web\CController.php(265): SiteController->runActionWithFilters()
#6 E:\xampp\htdocs\yiiclass\yii\framework\web\CWebApplication.php(282): SiteController->run()
#7 E:\xampp\htdocs\yiiclass\yii\framework\web\CWebApplication.php(141): CWebApplication->runController()
#8 E:\xampp\htdocs\yiiclass\yii\framework\base\CApplication.php(180): CWebApplication->processRequest()
#9 E:\xampp\htdocs\yiiclass\index.php(13): CWebApplication->run()
REQUEST_URI=/yiiclass/?r=site/test
in E:\xampp\htdocs\yiiclass\protected\controllers\SiteController.php (361)
in E:\xampp\htdocs\yiiclass\index.php (13)
2014/03/27 11:05:07 [error] [php] include(CCacheDenpendency.php): failed to open stream: No such file or directory (E:\xampp\htdocs\yiiclass\yii\framework\YiiBase.php:427)
Stack trace:
#0 unknown(0): spl_autoload_call()
#1 E:\xampp\htdocs\yiiclass\protected\controllers\SiteController.php(361): ReflectionClass->__construct()
#2 E:\xampp\htdocs\yiiclass\yii\framework\web\actions\CInlineAction.php(49): SiteController->actionTest()
#3 E:\xampp\htdocs\yiiclass\yii\framework\web\CController.php(308): CInlineAction->runWithParams()
#4 E:\xampp\htdocs\yiiclass\yii\framework\web\CController.php(286): SiteController->runAction()
#5 E:\xampp\htdocs\yiiclass\yii\framework\web\CController.php(265): SiteController->runActionWithFilters()
#6 E:\xampp\htdocs\yiiclass\yii\framework\web\CWebApplication.php(282): SiteController->run()
#7 E:\xampp\htdocs\yiiclass\yii\framework\web\CWebApplication.php(141): CWebApplication->runController()
#8 E:\xampp\htdocs\yiiclass\yii\framework\base\CApplication.php(180): CWebApplication->processRequest()
#9 E:\xampp\htdocs\yiiclass\index.php(13): CWebApplication->run()
REQUEST_URI=/yiiclass/?r=site/test
in E:\xampp\htdocs\yiiclass\protected\controllers\SiteController.php (361)
in E:\xampp\htdocs\yiiclass\index.php (13)
2014/03/27 11:05:10 [error] [php] include(CCacheDenpendency.php): failed to open stream: No such file or directory (E:\xampp\htdocs\yiiclass\yii\framework\YiiBase.php:427)
Stack trace:
#0 unknown(0): spl_autoload_call()
#1 E:\xampp\htdocs\yiiclass\protected\controllers\SiteController.php(361): ReflectionClass->__construct()
#2 E:\xampp\htdocs\yiiclass\yii\framework\web\actions\CInlineAction.php(49): SiteController->actionTest()
#3 E:\xampp\htdocs\yiiclass\yii\framework\web\CController.php(308): CInlineAction->runWithParams()
#4 E:\xampp\htdocs\yiiclass\yii\framework\web\CController.php(286): SiteController->runAction()
#5 E:\xampp\htdocs\yiiclass\yii\framework\web\CController.php(265): SiteController->runActionWithFilters()
#6 E:\xampp\htdocs\yiiclass\yii\framework\web\CWebApplication.php(282): SiteController->run()
#7 E:\xampp\htdocs\yiiclass\yii\framework\web\CWebApplication.php(141): CWebApplication->runController()
#8 E:\xampp\htdocs\yiiclass\yii\framework\base\CApplication.php(180): CWebApplication->processRequest()
#9 E:\xampp\htdocs\yiiclass\index.php(13): CWebApplication->run()
REQUEST_URI=/yiiclass/?r=site/test
in E:\xampp\htdocs\yiiclass\protected\controllers\SiteController.php (361)
in E:\xampp\htdocs\yiiclass\index.php (13)
2014/03/27 11:05:50 [error] [php] include(MessageCommand.php): failed to open stream: No such file or directory (E:\xampp\htdocs\yiiclass\yii\framework\YiiBase.php:427)
Stack trace:
#0 unknown(0): spl_autoload_call()
#1 E:\xampp\htdocs\yiiclass\protected\controllers\SiteController.php(361): ReflectionClass->__construct()
#2 E:\xampp\htdocs\yiiclass\yii\framework\web\actions\CInlineAction.php(49): SiteController->actionTest()
#3 E:\xampp\htdocs\yiiclass\yii\framework\web\CController.php(308): CInlineAction->runWithParams()
#4 E:\xampp\htdocs\yiiclass\yii\framework\web\CController.php(286): SiteController->runAction()
#5 E:\xampp\htdocs\yiiclass\yii\framework\web\CController.php(265): SiteController->runActionWithFilters()
#6 E:\xampp\htdocs\yiiclass\yii\framework\web\CWebApplication.php(282): SiteController->run()
#7 E:\xampp\htdocs\yiiclass\yii\framework\web\CWebApplication.php(141): CWebApplication->runController()
#8 E:\xampp\htdocs\yiiclass\yii\framework\base\CApplication.php(180): CWebApplication->processRequest()
#9 E:\xampp\htdocs\yiiclass\index.php(13): CWebApplication->run()
REQUEST_URI=/yiiclass/?r=site/test
in E:\xampp\htdocs\yiiclass\protected\controllers\SiteController.php (361)
in E:\xampp\htdocs\yiiclass\index.php (13)
2014/03/27 11:06:39 [error] [php] include(ModelCommand.php): failed to open stream: No such file or directory (E:\xampp\htdocs\yiiclass\yii\framework\YiiBase.php:427)
Stack trace:
#0 unknown(0): spl_autoload_call()
#1 E:\xampp\htdocs\yiiclass\protected\controllers\SiteController.php(361): ReflectionClass->__construct()
#2 E:\xampp\htdocs\yiiclass\yii\framework\web\actions\CInlineAction.php(49): SiteController->actionTest()
#3 E:\xampp\htdocs\yiiclass\yii\framework\web\CController.php(308): CInlineAction->runWithParams()
#4 E:\xampp\htdocs\yiiclass\yii\framework\web\CController.php(286): SiteController->runAction()
#5 E:\xampp\htdocs\yiiclass\yii\framework\web\CController.php(265): SiteController->runActionWithFilters()
#6 E:\xampp\htdocs\yiiclass\yii\framework\web\CWebApplication.php(282): SiteController->run()
#7 E:\xampp\htdocs\yiiclass\yii\framework\web\CWebApplication.php(141): CWebApplication->runController()
#8 E:\xampp\htdocs\yiiclass\yii\framework\base\CApplication.php(180): CWebApplication->processRequest()
#9 E:\xampp\htdocs\yiiclass\index.php(13): CWebApplication->run()
REQUEST_URI=/yiiclass/?r=site/test
in E:\xampp\htdocs\yiiclass\protected\controllers\SiteController.php (361)
in E:\xampp\htdocs\yiiclass\index.php (13)
2014/03/27 11:06:41 [error] [php] include(ModelCommand.php): failed to open stream: No such file or directory (E:\xampp\htdocs\yiiclass\yii\framework\YiiBase.php:427)
Stack trace:
#0 unknown(0): spl_autoload_call()
#1 E:\xampp\htdocs\yiiclass\protected\controllers\SiteController.php(361): ReflectionClass->__construct()
#2 E:\xampp\htdocs\yiiclass\yii\framework\web\actions\CInlineAction.php(49): SiteController->actionTest()
#3 E:\xampp\htdocs\yiiclass\yii\framework\web\CController.php(308): CInlineAction->runWithParams()
#4 E:\xampp\htdocs\yiiclass\yii\framework\web\CController.php(286): SiteController->runAction()
#5 E:\xampp\htdocs\yiiclass\yii\framework\web\CController.php(265): SiteController->runActionWithFilters()
#6 E:\xampp\htdocs\yiiclass\yii\framework\web\CWebApplication.php(282): SiteController->run()
#7 E:\xampp\htdocs\yiiclass\yii\framework\web\CWebApplication.php(141): CWebApplication->runController()
#8 E:\xampp\htdocs\yiiclass\yii\framework\base\CApplication.php(180): CWebApplication->processRequest()
#9 E:\xampp\htdocs\yiiclass\index.php(13): CWebApplication->run()
REQUEST_URI=/yiiclass/?r=site/test
in E:\xampp\htdocs\yiiclass\protected\controllers\SiteController.php (361)
in E:\xampp\htdocs\yiiclass\index.php (13)
2014/03/27 11:06:41 [error] [php] include(ModelCommand.php): failed to open stream: No such file or directory (E:\xampp\htdocs\yiiclass\yii\framework\YiiBase.php:427)
Stack trace:
#0 unknown(0): spl_autoload_call()
#1 E:\xampp\htdocs\yiiclass\protected\controllers\SiteController.php(361): ReflectionClass->__construct()
#2 E:\xampp\htdocs\yiiclass\yii\framework\web\actions\CInlineAction.php(49): SiteController->actionTest()
#3 E:\xampp\htdocs\yiiclass\yii\framework\web\CController.php(308): CInlineAction->runWithParams()
#4 E:\xampp\htdocs\yiiclass\yii\framework\web\CController.php(286): SiteController->runAction()
#5 E:\xampp\htdocs\yiiclass\yii\framework\web\CController.php(265): SiteController->runActionWithFilters()
#6 E:\xampp\htdocs\yiiclass\yii\framework\web\CWebApplication.php(282): SiteController->run()
#7 E:\xampp\htdocs\yiiclass\yii\framework\web\CWebApplication.php(141): CWebApplication->runController()
#8 E:\xampp\htdocs\yiiclass\yii\framework\base\CApplication.php(180): CWebApplication->processRequest()
#9 E:\xampp\htdocs\yiiclass\index.php(13): CWebApplication->run()
REQUEST_URI=/yiiclass/?r=site/test
in E:\xampp\htdocs\yiiclass\protected\controllers\SiteController.php (361)
in E:\xampp\htdocs\yiiclass\index.php (13)
2014/03/27 11:06:42 [error] [php] include(ModelCommand.php): failed to open stream: No such file or directory (E:\xampp\htdocs\yiiclass\yii\framework\YiiBase.php:427)
Stack trace:
#0 unknown(0): spl_autoload_call()
#1 E:\xampp\htdocs\yiiclass\protected\controllers\SiteController.php(361): ReflectionClass->__construct()
#2 E:\xampp\htdocs\yiiclass\yii\framework\web\actions\CInlineAction.php(49): SiteController->actionTest()
#3 E:\xampp\htdocs\yiiclass\yii\framework\web\CController.php(308): CInlineAction->runWithParams()
#4 E:\xampp\htdocs\yiiclass\yii\framework\web\CController.php(286): SiteController->runAction()
#5 E:\xampp\htdocs\yiiclass\yii\framework\web\CController.php(265): SiteController->runActionWithFilters()
#6 E:\xampp\htdocs\yiiclass\yii\framework\web\CWebApplication.php(282): SiteController->run()
#7 E:\xampp\htdocs\yiiclass\yii\framework\web\CWebApplication.php(141): CWebApplication->runController()
#8 E:\xampp\htdocs\yiiclass\yii\framework\base\CApplication.php(180): CWebApplication->processRequest()
#9 E:\xampp\htdocs\yiiclass\index.php(13): CWebApplication->run()
REQUEST_URI=/yiiclass/?r=site/test
in E:\xampp\htdocs\yiiclass\protected\controllers\SiteController.php (361)
in E:\xampp\htdocs\yiiclass\index.php (13)
2014/03/27 11:06:42 [error] [php] include(ModelCommand.php): failed to open stream: No such file or directory (E:\xampp\htdocs\yiiclass\yii\framework\YiiBase.php:427)
Stack trace:
#0 unknown(0): spl_autoload_call()
#1 E:\xampp\htdocs\yiiclass\protected\controllers\SiteController.php(361): ReflectionClass->__construct()
#2 E:\xampp\htdocs\yiiclass\yii\framework\web\actions\CInlineAction.php(49): SiteController->actionTest()
#3 E:\xampp\htdocs\yiiclass\yii\framework\web\CController.php(308): CInlineAction->runWithParams()
#4 E:\xampp\htdocs\yiiclass\yii\framework\web\CController.php(286): SiteController->runAction()
#5 E:\xampp\htdocs\yiiclass\yii\framework\web\CController.php(265): SiteController->runActionWithFilters()
#6 E:\xampp\htdocs\yiiclass\yii\framework\web\CWebApplication.php(282): SiteController->run()
#7 E:\xampp\htdocs\yiiclass\yii\framework\web\CWebApplication.php(141): CWebApplication->runController()
#8 E:\xampp\htdocs\yiiclass\yii\framework\base\CApplication.php(180): CWebApplication->processRequest()
#9 E:\xampp\htdocs\yiiclass\index.php(13): CWebApplication->run()
REQUEST_URI=/yiiclass/?r=site/test
in E:\xampp\htdocs\yiiclass\protected\controllers\SiteController.php (361)
in E:\xampp\htdocs\yiiclass\index.php (13)
2014/03/27 11:06:43 [error] [php] include(ModelCommand.php): failed to open stream: No such file or directory (E:\xampp\htdocs\yiiclass\yii\framework\YiiBase.php:427)
Stack trace:
#0 unknown(0): spl_autoload_call()
#1 E:\xampp\htdocs\yiiclass\protected\controllers\SiteController.php(361): ReflectionClass->__construct()
#2 E:\xampp\htdocs\yiiclass\yii\framework\web\actions\CInlineAction.php(49): SiteController->actionTest()
#3 E:\xampp\htdocs\yiiclass\yii\framework\web\CController.php(308): CInlineAction->runWithParams()
#4 E:\xampp\htdocs\yiiclass\yii\framework\web\CController.php(286): SiteController->runAction()
#5 E:\xampp\htdocs\yiiclass\yii\framework\web\CController.php(265): SiteController->runActionWithFilters()
#6 E:\xampp\htdocs\yiiclass\yii\framework\web\CWebApplication.php(282): SiteController->run()
#7 E:\xampp\htdocs\yiiclass\yii\framework\web\CWebApplication.php(141): CWebApplication->runController()
#8 E:\xampp\htdocs\yiiclass\yii\framework\base\CApplication.php(180): CWebApplication->processRequest()
#9 E:\xampp\htdocs\yiiclass\index.php(13): CWebApplication->run()
REQUEST_URI=/yiiclass/?r=site/test
in E:\xampp\htdocs\yiiclass\protected\controllers\SiteController.php (361)
in E:\xampp\htdocs\yiiclass\index.php (13)
2014/03/28 03:11:42 [error] [exception.CHttpException.404] exception 'CHttpException' with message 'The system is unable to find the requested action "index".' in E:\xampp\htdocs\yiiclass\yii\framework\web\CController.php:483
Stack trace:
#0 E:\xampp\htdocs\yiiclass\yii\framework\web\CController.php(270): CController->missingAction('')
#1 E:\xampp\htdocs\yiiclass\yii\framework\web\CWebApplication.php(282): CController->run('')
#2 E:\xampp\htdocs\yiiclass\yii\framework\web\CWebApplication.php(141): CWebApplication->runController('yiiclass')
#3 E:\xampp\htdocs\yiiclass\yii\framework\base\CApplication.php(180): CWebApplication->processRequest()
#4 E:\xampp\htdocs\yiiclass\index.php(13): CApplication->run()
#5 {main}
REQUEST_URI=/yiiclass/index.php?r=yiiclass
---
2014/03/28 03:44:11 [error] [php] Trying to get property of non-object (E:\xampp\htdocs\yiiclass\protected\views\yiiClass\_view.php:10)
Stack trace:
#0 E:\xampp\htdocs\yiiclass\yii\framework\zii\widgets\CListView.php(291): YiiClassController->renderFile()
#1 E:\xampp\htdocs\yiiclass\yii\framework\zii\widgets\CBaseListView.php(167): CListView->renderItems()
#2 unknown(0): CListView->renderSection()
#3 E:\xampp\htdocs\yiiclass\yii\framework\zii\widgets\CBaseListView.php(150): preg_replace_callback()
#4 E:\xampp\htdocs\yiiclass\yii\framework\zii\widgets\CBaseListView.php(135): CListView->renderContent()
#5 E:\xampp\htdocs\yiiclass\yii\framework\web\CBaseController.php(173): CListView->run()
#6 E:\xampp\htdocs\yiiclass\protected\views\yiiClass\tree.php(20): YiiClassController->widget()
#7 E:\xampp\htdocs\yiiclass\yii\framework\web\CBaseController.php(126): require()
#8 E:\xampp\htdocs\yiiclass\yii\framework\web\CBaseController.php(95): YiiClassController->renderInternal()
#9 E:\xampp\htdocs\yiiclass\yii\framework\web\CController.php(869): YiiClassController->renderFile()
#10 E:\xampp\htdocs\yiiclass\yii\framework\web\CController.php(782): YiiClassController->renderPartial()
#11 E:\xampp\htdocs\yiiclass\protected\controllers\YiiClassController.php(81): YiiClassController->render()
#12 E:\xampp\htdocs\yiiclass\yii\framework\web\actions\CInlineAction.php(49): YiiClassController->actionTree()
#13 E:\xampp\htdocs\yiiclass\yii\framework\web\CController.php(308): CInlineAction->runWithParams()
#14 E:\xampp\htdocs\yiiclass\yii\framework\web\filters\CFilterChain.php(133): YiiClassController->runAction()
#15 E:\xampp\htdocs\yiiclass\yii\framework\web\filters\CFilter.php(40): CFilterChain->run()
#16 E:\xampp\htdocs\yiiclass\yii\framework\web\CController.php(1145): CAccessControlFilter->filter()
#17 E:\xampp\htdocs\yiiclass\yii\framework\web\filters\CInlineFilter.php(58): YiiClassController->filterAccessControl()
#18 E:\xampp\htdocs\yiiclass\yii\framework\web\filters\CFilterChain.php(130): CInlineFilter->filter()
#19 E:\xampp\htdocs\yiiclass\yii\framework\web\CController.php(291): CFilterChain->run()
#20 E:\xampp\htdocs\yiiclass\yii\framework\web\CController.php(265): YiiClassController->runActionWithFilters()
#21 E:\xampp\htdocs\yiiclass\yii\framework\web\CWebApplication.php(282): YiiClassController->run()
#22 E:\xampp\htdocs\yiiclass\yii\framework\web\CWebApplication.php(141): CWebApplication->runController()
#23 E:\xampp\htdocs\yiiclass\yii\framework\base\CApplication.php(180): CWebApplication->processRequest()
#24 E:\xampp\htdocs\yiiclass\index.php(13): CWebApplication->run()
REQUEST_URI=/yiiclass/index.php?r=yiiclass/tree
in E:\xampp\htdocs\yiiclass\protected\views\yiiClass\_view.php (10)
in E:\xampp\htdocs\yiiclass\protected\views\yiiClass\tree.php (20)
in E:\xampp\htdocs\yiiclass\protected\controllers\YiiClassController.php (81)
2014/03/28 03:44:15 [error] [php] Trying to get property of non-object (E:\xampp\htdocs\yiiclass\protected\views\yiiClass\_view.php:10)
Stack trace:
#0 E:\xampp\htdocs\yiiclass\yii\framework\zii\widgets\CListView.php(291): YiiClassController->renderFile()
#1 E:\xampp\htdocs\yiiclass\yii\framework\zii\widgets\CBaseListView.php(167): CListView->renderItems()
#2 unknown(0): CListView->renderSection()
#3 E:\xampp\htdocs\yiiclass\yii\framework\zii\widgets\CBaseListView.php(150): preg_replace_callback()
#4 E:\xampp\htdocs\yiiclass\yii\framework\zii\widgets\CBaseListView.php(135): CListView->renderContent()
#5 E:\xampp\htdocs\yiiclass\yii\framework\web\CBaseController.php(173): CListView->run()
#6 E:\xampp\htdocs\yiiclass\protected\views\yiiClass\tree.php(20): YiiClassController->widget()
#7 E:\xampp\htdocs\yiiclass\yii\framework\web\CBaseController.php(126): require()
#8 E:\xampp\htdocs\yiiclass\yii\framework\web\CBaseController.php(95): YiiClassController->renderInternal()
#9 E:\xampp\htdocs\yiiclass\yii\framework\web\CController.php(869): YiiClassController->renderFile()
#10 E:\xampp\htdocs\yiiclass\yii\framework\web\CController.php(782): YiiClassController->renderPartial()
#11 E:\xampp\htdocs\yiiclass\protected\controllers\YiiClassController.php(81): YiiClassController->render()
#12 E:\xampp\htdocs\yiiclass\yii\framework\web\actions\CInlineAction.php(49): YiiClassController->actionTree()
#13 E:\xampp\htdocs\yiiclass\yii\framework\web\CController.php(308): CInlineAction->runWithParams()
#14 E:\xampp\htdocs\yiiclass\yii\framework\web\filters\CFilterChain.php(133): YiiClassController->runAction()
#15 E:\xampp\htdocs\yiiclass\yii\framework\web\filters\CFilter.php(40): CFilterChain->run()
#16 E:\xampp\htdocs\yiiclass\yii\framework\web\CController.php(1145): CAccessControlFilter->filter()
#17 E:\xampp\htdocs\yiiclass\yii\framework\web\filters\CInlineFilter.php(58): YiiClassController->filterAccessControl()
#18 E:\xampp\htdocs\yiiclass\yii\framework\web\filters\CFilterChain.php(130): CInlineFilter->filter()
#19 E:\xampp\htdocs\yiiclass\yii\framework\web\CController.php(291): CFilterChain->run()
#20 E:\xampp\htdocs\yiiclass\yii\framework\web\CController.php(265): YiiClassController->runActionWithFilters()
#21 E:\xampp\htdocs\yiiclass\yii\framework\web\CWebApplication.php(282): YiiClassController->run()
#22 E:\xampp\htdocs\yiiclass\yii\framework\web\CWebApplication.php(141): CWebApplication->runController()
#23 E:\xampp\htdocs\yiiclass\yii\framework\base\CApplication.php(180): CWebApplication->processRequest()
#24 E:\xampp\htdocs\yiiclass\index.php(13): CWebApplication->run()
REQUEST_URI=/yiiclass/index.php?r=yiiclass/tree
in E:\xampp\htdocs\yiiclass\protected\views\yiiClass\_view.php (10)
in E:\xampp\htdocs\yiiclass\protected\views\yiiClass\tree.php (20)
in E:\xampp\htdocs\yiiclass\protected\controllers\YiiClassController.php (81)
2014/03/28 03:55:54 [error] [php] Undefined index: name (E:\xampp\htdocs\yiiclass\protected\views\yiiClass\tree.php:10)
Stack trace:
#0 E:\xampp\htdocs\yiiclass\yii\framework\web\CController.php(869): YiiClassController->renderFile()
#1 E:\xampp\htdocs\yiiclass\yii\framework\web\CController.php(782): YiiClassController->renderPartial()
#2 E:\xampp\htdocs\yiiclass\protected\controllers\YiiClassController.php(75): YiiClassController->render()
#3 E:\xampp\htdocs\yiiclass\yii\framework\web\actions\CInlineAction.php(49): YiiClassController->actionTree()
#4 E:\xampp\htdocs\yiiclass\yii\framework\web\CController.php(308): CInlineAction->runWithParams()
#5 E:\xampp\htdocs\yiiclass\yii\framework\web\filters\CFilterChain.php(133): YiiClassController->runAction()
#6 E:\xampp\htdocs\yiiclass\yii\framework\web\filters\CFilter.php(40): CFilterChain->run()
#7 E:\xampp\htdocs\yiiclass\yii\framework\web\CController.php(1145): CAccessControlFilter->filter()
#8 E:\xampp\htdocs\yiiclass\yii\framework\web\filters\CInlineFilter.php(58): YiiClassController->filterAccessControl()
#9 E:\xampp\htdocs\yiiclass\yii\framework\web\filters\CFilterChain.php(130): CInlineFilter->filter()
#10 E:\xampp\htdocs\yiiclass\yii\framework\web\CController.php(291): CFilterChain->run()
#11 E:\xampp\htdocs\yiiclass\yii\framework\web\CController.php(265): YiiClassController->runActionWithFilters()
#12 E:\xampp\htdocs\yiiclass\yii\framework\web\CWebApplication.php(282): YiiClassController->run()
#13 E:\xampp\htdocs\yiiclass\yii\framework\web\CWebApplication.php(141): CWebApplication->runController()
#14 E:\xampp\htdocs\yiiclass\yii\framework\base\CApplication.php(180): CWebApplication->processRequest()
#15 E:\xampp\htdocs\yiiclass\index.php(13): CWebApplication->run()
REQUEST_URI=/yiiclass/index.php?r=yiiclass/tree
in E:\xampp\htdocs\yiiclass\protected\views\yiiClass\tree.php (10)
in E:\xampp\htdocs\yiiclass\protected\controllers\YiiClassController.php (75)
in E:\xampp\htdocs\yiiclass\index.php (13)
2014/03/28 04:21:30 [error] [system.db.CDbCommand] CDbCommand::fetchAll() failed: SQLSTATE[42S22]: Column not found: 1054 Unknown column 'parent_name' in 'where clause'. The SQL statement executed was: select sub_name from yii_class_relation where parent_name = :parent.
in E:\xampp\htdocs\yiiclass\protected\controllers\YiiClassController.php (78)
in E:\xampp\htdocs\yiiclass\index.php (13)
2014/03/28 04:21:31 [error] [exception.CDbException] exception 'CDbException' with message 'CDbCommand failed to execute the SQL statement: SQLSTATE[42S22]: Column not found: 1054 Unknown column 'parent_name' in 'where clause'. The SQL statement executed was: select sub_name from yii_class_relation where parent_name = :parent' in E:\xampp\htdocs\yiiclass\yii\framework\db\CDbCommand.php:543
Stack trace:
#0 E:\xampp\htdocs\yiiclass\yii\framework\db\CDbCommand.php(396): CDbCommand->queryInternal('fetchAll', Array, Array)
#1 E:\xampp\htdocs\yiiclass\protected\controllers\YiiClassController.php(78): CDbCommand->queryAll()
#2 [internal function]: YiiClassController->actionAjax('ArrayAccess')
#3 E:\xampp\htdocs\yiiclass\yii\framework\web\actions\CAction.php(108): ReflectionMethod->invokeArgs(Object(YiiClassController), Array)
#4 E:\xampp\htdocs\yiiclass\yii\framework\web\actions\CInlineAction.php(47): CAction->runWithParamsInternal(Object(YiiClassController), Object(ReflectionMethod), Array)
#5 E:\xampp\htdocs\yiiclass\yii\framework\web\CController.php(308): CInlineAction->runWithParams(Array)
#6 E:\xampp\htdocs\yiiclass\yii\framework\web\filters\CFilterChain.php(133): CController->runAction(Object(CInlineAction))
#7 E:\xampp\htdocs\yiiclass\yii\framework\web\filters\CFilter.php(40): CFilterChain->run()
#8 E:\xampp\htdocs\yiiclass\yii\framework\web\CController.php(1145): CFilter->filter(Object(CFilterChain))
#9 E:\xampp\htdocs\yiiclass\yii\framework\web\filters\CInlineFilter.php(58): CController->filterAccessControl(Object(CFilterChain))
#10 E:\xampp\htdocs\yiiclass\yii\framework\web\filters\CFilterChain.php(130): CInlineFilter->filter(Object(CFilterChain))
#11 E:\xampp\htdocs\yiiclass\yii\framework\web\CController.php(291): CFilterChain->run()
#12 E:\xampp\htdocs\yiiclass\yii\framework\web\CController.php(265): CController->runActionWithFilters(Object(CInlineAction), Array)
#13 E:\xampp\htdocs\yiiclass\yii\framework\web\CWebApplication.php(282): CController->run('ajax')
#14 E:\xampp\htdocs\yiiclass\yii\framework\web\CWebApplication.php(141): CWebApplication->runController('yiiClass/ajax')
#15 E:\xampp\htdocs\yiiclass\yii\framework\base\CApplication.php(180): CWebApplication->processRequest()
#16 E:\xampp\htdocs\yiiclass\index.php(13): CApplication->run()
#17 {main}
REQUEST_URI=/yiiclass/index.php?r=yiiClass/ajax&parentClassName=ArrayAccess
HTTP_REFERER=http://localhost/yiiclass/index.php?r=yiiclass/tree
---
2014/03/28 04:21:37 [error] [system.db.CDbCommand] CDbCommand::fetchAll() failed: SQLSTATE[42S22]: Column not found: 1054 Unknown column 'parent_name' in 'where clause'. The SQL statement executed was: select sub_name from yii_class_relation where parent_name = :parent.
in E:\xampp\htdocs\yiiclass\protected\controllers\YiiClassController.php (78)
in E:\xampp\htdocs\yiiclass\index.php (13)
2014/03/28 04:21:37 [error] [exception.CDbException] exception 'CDbException' with message 'CDbCommand failed to execute the SQL statement: SQLSTATE[42S22]: Column not found: 1054 Unknown column 'parent_name' in 'where clause'. The SQL statement executed was: select sub_name from yii_class_relation where parent_name = :parent' in E:\xampp\htdocs\yiiclass\yii\framework\db\CDbCommand.php:543
Stack trace:
#0 E:\xampp\htdocs\yiiclass\yii\framework\db\CDbCommand.php(396): CDbCommand->queryInternal('fetchAll', Array, Array)
#1 E:\xampp\htdocs\yiiclass\protected\controllers\YiiClassController.php(78): CDbCommand->queryAll()
#2 [internal function]: YiiClassController->actionAjax('ArrayAccess')
#3 E:\xampp\htdocs\yiiclass\yii\framework\web\actions\CAction.php(108): ReflectionMethod->invokeArgs(Object(YiiClassController), Array)
#4 E:\xampp\htdocs\yiiclass\yii\framework\web\actions\CInlineAction.php(47): CAction->runWithParamsInternal(Object(YiiClassController), Object(ReflectionMethod), Array)
#5 E:\xampp\htdocs\yiiclass\yii\framework\web\CController.php(308): CInlineAction->runWithParams(Array)
#6 E:\xampp\htdocs\yiiclass\yii\framework\web\filters\CFilterChain.php(133): CController->runAction(Object(CInlineAction))
#7 E:\xampp\htdocs\yiiclass\yii\framework\web\filters\CFilter.php(40): CFilterChain->run()
#8 E:\xampp\htdocs\yiiclass\yii\framework\web\CController.php(1145): CFilter->filter(Object(CFilterChain))
#9 E:\xampp\htdocs\yiiclass\yii\framework\web\filters\CInlineFilter.php(58): CController->filterAccessControl(Object(CFilterChain))
#10 E:\xampp\htdocs\yiiclass\yii\framework\web\filters\CFilterChain.php(130): CInlineFilter->filter(Object(CFilterChain))
#11 E:\xampp\htdocs\yiiclass\yii\framework\web\CController.php(291): CFilterChain->run()
#12 E:\xampp\htdocs\yiiclass\yii\framework\web\CController.php(265): CController->runActionWithFilters(Object(CInlineAction), Array)
#13 E:\xampp\htdocs\yiiclass\yii\framework\web\CWebApplication.php(282): CController->run('ajax')
#14 E:\xampp\htdocs\yiiclass\yii\framework\web\CWebApplication.php(141): CWebApplication->runController('yiiClass/ajax')
#15 E:\xampp\htdocs\yiiclass\yii\framework\base\CApplication.php(180): CWebApplication->processRequest()
#16 E:\xampp\htdocs\yiiclass\index.php(13): CApplication->run()
#17 {main}
REQUEST_URI=/yiiclass/index.php?r=yiiClass/ajax&parentClassName=ArrayAccess
---
